<?xml version="1.0" encoding="UTF-8"?>
<!-- Generated by org.testng.reporters.JUnitReportReporter -->
<testsuite skipped="0" hostname="MAA-5CG7041Q2D" name="com.leafBot.testcases.TC007_BootstrapDatePicker" tests="1" failures="0" timestamp="27 Aug 2019 13:18:40 GMT" time="15.846" errors="0">
  <testcase name="calender" time="15.846" classname="com.leafBot.testcases.TC007_BootstrapDatePicker"/>
</testsuite> <!-- com.leafBot.testcases.TC007_BootstrapDatePicker -->
