<?xml version="1.0" encoding="UTF-8"?>
<!-- Generated by org.testng.reporters.JUnitReportReporter -->
<testsuite skipped="0" hostname="MAA-5CG7041Q2D" name="com.leafBot.testcases.TC007_BootstrapDatePicker" tests="1" failures="0" timestamp="28 Aug 2019 10:51:32 GMT" time="25.201" errors="0">
  <testcase name="calender" time="25.201" classname="com.leafBot.testcases.TC007_BootstrapDatePicker"/>
</testsuite> <!-- com.leafBot.testcases.TC007_BootstrapDatePicker -->
