<?xml version="1.0" encoding="UTF-8"?>
<!-- Generated by org.testng.reporters.JUnitReportReporter -->
<testsuite skipped="0" hostname="VENKAT-PC" name="com.leafBot.testcases.TC008_Alerts" tests="1" failures="0" timestamp="07 Oct 2019 12:46:33 GMT" time="19.592" errors="0">
  <testcase name="select_alerts" time="19.592" classname="com.leafBot.testcases.TC008_Alerts"/>
</testsuite> <!-- com.leafBot.testcases.TC008_Alerts -->
